<?xml version="1.0" encoding="UTF-8"?>
<!-- Generated by org.testng.reporters.JUnitReportReporter -->
<testsuite hostname="DESKTOP-EJ9H93T" failures="0" tests="1" name="TestClasses.LoginTest" time="0.012" errors="0" timestamp="2023-12-21T00:17:03 IST" skipped="0">
  <testcase classname="TestClasses.LoginTest" name="firstTC_1" time="0.012"/>
</testsuite> <!-- TestClasses.LoginTest -->
